Copyright 1986-2022 Xilinx, Inc. All Rights Reserved. Copyright 2022-2025 Advanced Micro Devices, Inc. All Rights Reserved.
--------------------------------------------------------------------------------------------------------------------------------------------------------------------------------
| Tool Version : Vivado v.2025.1 (lin64) Build 6140274 Wed May 21 22:58:25 MDT 2025
| Date         : Fri Nov 21 10:33:41 2025
| Host         : archlinux running 64-bit Arch Linux
| Command      : report_methodology -file system_wrapper_methodology_drc_routed.rpt -pb system_wrapper_methodology_drc_routed.pb -rpx system_wrapper_methodology_drc_routed.rpx
| Design       : system_wrapper
| Device       : xc7z010clg400-1
| Speed File   : -1
| Design State : Fully Routed
--------------------------------------------------------------------------------------------------------------------------------------------------------------------------------

Report Methodology

Table of Contents
-----------------
1. REPORT SUMMARY
2. REPORT DETAILS

1. REPORT SUMMARY
-----------------
            Netlist: netlist
          Floorplan: design_1
      Design limits: <entire design considered>
             Max checks: <unlimited>
             Checks found: 10
+-----------+----------+-------------------------------+--------+
| Rule      | Severity | Description                   | Checks |
+-----------+----------+-------------------------------+--------+
| TIMING-18 | Warning  | Missing input or output delay | 10     |
+-----------+----------+-------------------------------+--------+

2. REPORT DETAILS
-----------------
TIMING-18#1 Warning
Missing input or output delay  
An output delay is missing on dat_out_0[0] relative to the rising and/or falling clock edge(s) of clk_fpga_0.
Related violations: <none>

TIMING-18#2 Warning
Missing input or output delay  
An output delay is missing on dat_out_0[1] relative to the rising and/or falling clock edge(s) of clk_fpga_0.
Related violations: <none>

TIMING-18#3 Warning
Missing input or output delay  
An output delay is missing on dat_out_0[2] relative to the rising and/or falling clock edge(s) of clk_fpga_0.
Related violations: <none>

TIMING-18#4 Warning
Missing input or output delay  
An output delay is missing on dat_out_0[3] relative to the rising and/or falling clock edge(s) of clk_fpga_0.
Related violations: <none>

TIMING-18#5 Warning
Missing input or output delay  
An output delay is missing on dat_out_0[4] relative to the rising and/or falling clock edge(s) of clk_fpga_0.
Related violations: <none>

TIMING-18#6 Warning
Missing input or output delay  
An output delay is missing on dat_out_0[5] relative to the rising and/or falling clock edge(s) of clk_fpga_0.
Related violations: <none>

TIMING-18#7 Warning
Missing input or output delay  
An output delay is missing on dat_out_0[6] relative to the rising and/or falling clock edge(s) of clk_fpga_0.
Related violations: <none>

TIMING-18#8 Warning
Missing input or output delay  
An output delay is missing on dat_out_0[7] relative to the rising and/or falling clock edge(s) of clk_fpga_0.
Related violations: <none>

TIMING-18#9 Warning
Missing input or output delay  
An output delay is missing on dat_out_0[8] relative to the rising and/or falling clock edge(s) of clk_fpga_0.
Related violations: <none>

TIMING-18#10 Warning
Missing input or output delay  
An output delay is missing on dat_out_0[9] relative to the rising and/or falling clock edge(s) of clk_fpga_0.
Related violations: <none>


